<?xml version="1.0" encoding="UTF-8"?>
<!-- Generated by org.testng.reporters.JUnitXMLReporter -->
<testsuite hostname="Madesh" ignored="0" name="loginTest" tests="1" failures="1" timestamp="22 Oct 2022 16:46:02 GMT" time="0.041" errors="0">
  <testcase name="login_Test" time="0.0" classname="test.addcustomerTest">
    <failure type="org.testng.TestNGException" message="
Parameter &amp;apos;expectedMessage&amp;apos; is required by @Test on method login_Test but has not been marked @Optional or defined
in C:\Users\meenu\Desktop\selenium\XMLProject\src\main\java\testdata\Regression.xml">
      <![CDATA[org.testng.TestNGException: 
Parameter 'expectedMessage' is required by @Test on method login_Test but has not been marked @Optional or defined
in C:\Users\meenu\Desktop\selenium\XMLProject\src\main\java\testdata\Regression.xml
... Removed 24 stack frames]]>
    </failure>
  </testcase> <!-- login_Test -->
</testsuite> <!-- loginTest -->
