<?xml version="1.0" encoding="UTF-8"?>
<testng-results skipped="0" failed="0" ignored="0" total="2" passed="2">
  <reporter-output>
  </reporter-output>
  <suite name="Regression" duration-ms="17940" started-at="2022-11-23T03:03:01Z" finished-at="2022-11-23T03:03:19Z">
    <groups>
    </groups>
    <test name="addcustomerTest" duration-ms="17940" started-at="2022-11-23T03:03:01Z" finished-at="2022-11-23T03:03:19Z">
      <class name="test.addcustomerTest">
        <test-method status="PASS" signature="login_Test(java.lang.String, java.lang.String, java.lang.String, java.lang.String, java.lang.String, java.lang.String, java.lang.String, java.lang.String, java.lang.String, java.lang.String, java.lang.String)[pri:0, instance:test.addcustomerTest@1593948d]" name="login_Test" duration-ms="10811" started-at="2022-11-23T03:03:08Z" finished-at="2022-11-23T03:03:19Z">
          <params>
            <param index="0">
              <value>
                <![CDATA[demo@techfios.com]]>
              </value>
            </param>
            <param index="1">
              <value>
                <![CDATA[abc123]]>
              </value>
            </param>
            <param index="2">
              <value>
                <![CDATA[Dashboard]]>
              </value>
            </param>
            <param index="3">
              <value>
                <![CDATA[Tom]]>
              </value>
            </param>
            <param index="4">
              <value>
                <![CDATA[nfjdn@gmail.com]]>
              </value>
            </param>
            <param index="5">
              <value>
                <![CDATA[abc623]]>
              </value>
            </param>
            <param index="6">
              <value>
                <![CDATA[frisco]]>
              </value>
            </param>
            <param index="7">
              <value>
                <![CDATA[25658 risen trail]]>
              </value>
            </param>
            <param index="8">
              <value>
                <![CDATA[Selenium]]>
              </value>
            </param>
            <param index="9">
              <value>
                <![CDATA[Apple]]>
              </value>
            </param>
            <param index="10">
              <value>
                <![CDATA[4874687]]>
              </value>
            </param>
          </params>
          <reporter-output>
          </reporter-output>
        </test-method> <!-- login_Test -->
      </class> <!-- test.addcustomerTest -->
      <class name="test.loginTest">
        <test-method status="PASS" signature="login_Test(java.lang.String, java.lang.String, java.lang.String)[pri:0, instance:test.loginTest@482f8f11]" name="login_Test" duration-ms="7071" started-at="2022-11-23T03:03:01Z" finished-at="2022-11-23T03:03:08Z">
          <params>
            <param index="0">
              <value>
                <![CDATA[demo@techfios.com]]>
              </value>
            </param>
            <param index="1">
              <value>
                <![CDATA[abc123]]>
              </value>
            </param>
            <param index="2">
              <value>
                <![CDATA[Dashboard]]>
              </value>
            </param>
          </params>
          <reporter-output>
          </reporter-output>
        </test-method> <!-- login_Test -->
      </class> <!-- test.loginTest -->
    </test> <!-- addcustomerTest -->
  </suite> <!-- Regression -->
</testng-results>
